<?xml version='1.0' encoding='UTF-8'?>
<testsuite hostname="ingared-workhorse" name="patmat.HuffmanSuite" tests="6" errors="1" failures="0" time="0.083">
                     <properties>
[...]
</properties>
                     <testcase classname="patmat.HuffmanSuite" name="weight of a larger tree" time="0.016">
                                                 
                                               </testcase><testcase classname="patmat.HuffmanSuite" name="chars of a larger tree" time="0.001">
                                                 
                                               </testcase><testcase classname="patmat.HuffmanSuite" name="string2chars(&quot;hello, world&quot;)" time="0.001">
                                                 
                                               </testcase><testcase classname="patmat.HuffmanSuite" name="makeOrderedLeafList for some frequency table" time="0.001">
                                                 
                                               </testcase><testcase classname="patmat.HuffmanSuite" name="combine of some leaf list" time="0.0">
                                                 
                                               </testcase><testcase classname="patmat.HuffmanSuite" name="(It is not a test)" time="0.064">
                                                 <error type="java.lang.StackOverflowError">java.lang.StackOverflowError
	at patmat.Huffman$.traverseTree$1(Huffman.scala:214)
	at patmat.Huffman$.traverseTree$1(Huffman.scala:218)
	at patmat.Huffman$.traverseTree$1(Huffman.scala:218)
	at patmat.Huffman$.traverseTree$1(Huffman.scala:218)
	at patmat.Huffman$.traverseTree$1(Huffman.scala:218)
	at patmat.Huffman$.traverseTree$1(Huffman.scala:218)
	at patmat.Huffman$.traverseTree$1(Huffman.scala:218)
	at patmat.Huffman$.traverseTree$1(Huffman.scala:218)
	at patmat.Huffman$.traverseTree$1(Huffman.scala:218)
	at patmat.Huffman$.traverseTree$1(Huffman.scala:218)
	at patmat.Huffman$.traverseTree$1(Huffman.scala:218)
	at patmat.Huffman$.traverseTree$1(Huffman.scala:218)
	at patmat.Huffman$.traverseTree$1(Huffman.scala:218)
	at patmat.Huffman$.traverseTree$1(Huffman.scala:218)
	at patmat.Huffman$.traverseTree$1(Huffman.scala:218)
	at patmat.Huffman$.traverseTree$1(Huffman.scala:218)
	at patmat.Huffman$.traverseTree$1(Huffman.scala:218)
	at patmat.Huffman$.traverseTree$1(Huffman.scala:218)
	at patmat.Huffman$.traverseTree$1(Huffman.scala:218)
	at patmat.Huffman$.traverseTree$1(Huffman.scala:218)
	at patmat.Huffman$.traverseTree$1(Huffman.scala:218)
	at patmat.Huffman$.traverseTree$1(Huffman.scala:218)
	at patmat.Huffman$.traverseTree$1(Huffman.scala:218)
	at patmat.Huffman$.traverseTree$1(Huffman.scala:218)
	at patmat.Huffman$.traverseTree$1(Huffman.scala:218)
	at patmat.Huffman$.traverseTree$1(Huffman.scala:218)
	at patmat.Huffman$.traverseTree$1(Huffman.scala:218)
	at patmat.Huffman$.traverseTree$1(Huffman.scala:218)
	at patmat.Huffman$.traverseTree$1(Huffman.scala:218)
	at patmat.Huffman$.traverseTree$1(Huffman.scala:218)
	at patmat.Huffman$.traverseTree$1(Huffman.scala:218)
	at patmat.Huffman$.traverseTree$1(Huffman.scala:218)
	at patmat.Huffman$.traverseTree$1(Huffman.scala:218)
	at patmat.Huffman$.traverseTree$1(Huffman.scala:218)
	at patmat.Huffman$.traverseTree$1(Huffman.scala:218)
	at patmat.Huffman$.traverseTree$1(Huffman.scala:218)
	at patmat.Huffman$.traverseTree$1(Huffman.scala:218)
	at patmat.Huffman$.traverseTree$1(Huffman.scala:218)
	at patmat.Huffman$.traverseTree$1(Huffman.scala:218)
	at patmat.Huffman$.traverseTree$1(Huffman.scala:218)
	at patmat.Huffman$.traverseTree$1(Huffman.scala:218)
	at patmat.Huffman$.traverseTree$1(Huffman.scala:218)
	at patmat.Huffman$.traverseTree$1(Huffman.scala:218)
	at patmat.Huffman$.traverseTree$1(Huffman.scala:218)
	at patmat.Huffman$.traverseTree$1(Huffman.scala:218)
	at patmat.Huffman$.traverseTree$1(Huffman.scala:218)
	at patmat.Huffman$.traverseTree$1(Huffman.scala:218)
	at patmat.Huffman$.traverseTree$1(Huffman.scala:218)
	at patmat.Huffman$.traverseTree$1(Huffman.scala:218)
	at patmat.Huffman$.traverseTree$1(Huffman.scala:218)
	at patmat.Huffman$.traverseTree$1(Huffman.scala:218)
	at patmat.Huffman$.traverseTree$1(Huffman.scala:218)
	at patmat.Huffman$.traverseTree$1(Huffman.scala:218)
	at patmat.Huffman$.traverseTree$1(Huffman.scala:218)
	at patmat.Huffman$.traverseTree$1(Huffman.scala:218)
	at patmat.Huffman$.traverseTree$1(Huffman.scala:218)
	at patmat.Huffman$.traverseTree$1(Huffman.scala:218)
	at patmat.Huffman$.traverseTree$1(Huffman.scala:218)
	at patmat.Huffman$.traverseTree$1(Huffman.scala:218)
	at patmat.Huffman$.traverseTree$1(Huffman.scala:218)
	at patmat.Huffman$.traverseTree$1(Huffman.scala:218)
	at patmat.Huffman$.traverseTree$1(Huffman.scala:218)
	at patmat.Huffman$.traverseTree$1(Huffman.scala:218)
	at patmat.Huffman$.traverseTree$1(Huffman.scala:218)
	at patmat.Huffman$.traverseTree$1(Huffman.scala:218)
	at patmat.Huffman$.traverseTree$1(Huffman.scala:218)
	at patmat.Huffman$.traverseTree$1(Huffman.scala:218)
	at patmat.Huffman$.traverseTree$1(Huffman.scala:218)
	at patmat.Huffman$.traverseTree$1(Huffman.scala:218)
	at patmat.Huffman$.traverseTree$1(Huffman.scala:218)
	at patmat.Huffman$.traverseTree$1(Huffman.scala:218)
	at patmat.Huffman$.traverseTree$1(Huffman.scala:218)
	at patmat.Huffman$.traverseTree$1(Huffman.scala:218)
	at patmat.Huffman$.traverseTree$1(Huffman.scala:218)
	at patmat.Huffman$.traverseTree$1(Huffman.scala:218)
	at patmat.Huffman$.traverseTree$1(Huffman.scala:218)
	at patmat.Huffman$.traverseTree$1(Huffman.scala:218)
	at patmat.Huffman$.traverseTree$1(Huffman.scala:218)
	at patmat.Huffman$.traverseTree$1(Huffman.scala:218)
	at patmat.Huffman$.traverseTree$1(Huffman.scala:218)
	at patmat.Huffman$.traverseTree$1(Huffman.scala:218)
	at patmat.Huffman$.traverseTree$1(Huffman.scala:218)
	at patmat.Huffman$.traverseTree$1(Huffman.scala:218)
	at patmat.Huffman$.traverseTree$1(Huffman.scala:218)
	at patmat.Huffman$.traverseTree$1(Huffman.scala:218)
	at patmat.Huffman$.traverseTree$1(Huffman.scala:218)
	at patmat.Huffman$.traverseTree$1(Huffman.scala:218)
	at patmat.Huffman$.traverseTree$1(Huffman.scala:218)
	at patmat.Huffman$.traverseTree$1(Huffman.scala:218)
	at patmat.Huffman$.traverseTree$1(Huffman.scala:218)
	at patmat.Huffman$.traverseTree$1(Huffman.scala:218)
	at patmat.Huffman$.traverseTree$1(Huffman.scala:218)
	at patmat.Huffman$.traverseTree$1(Huffman.scala:218)
	at patmat.Huffman$.traverseTree$1(Huffman.scala:218)
	at patmat.Huffman$.traverseTree$1(Huffman.scala:218)
	at patmat.Huffman$.traverseTree$1(Huffman.scala:218)
	at patmat.Huffman$.traverseTree$1(Huffman.scala:218)
	at patmat.Huffman$.traverseTree$1(Huffman.scala:218)
	at patmat.Huffman$.traverseTree$1(Huffman.scala:218)
	at patmat.Huffman$.traverseTree$1(Huffman.scala:218)
	at patmat.Huffman$.traverseTree$1(Huffman.scala:218)
	at patmat.Huffman$.traverseTree$1(Huffman.scala:218)
	at patmat.Huffman$.traverseTree$1(Huffman.scala:218)
	at patmat.Huffman$.traverseTree$1(Huffman.scala:218)
	at patmat.Huffman$.traverseTree$1(Huffman.scala:218)
	at patmat.Huffman$.traverseTree$1(Huffman.scala:218)
	at patmat.Huffman$.traverseTree$1(Huffman.scala:218)
	at patmat.Huffman$.traverseTree$1(Huffman.scala:218)
	at patmat.Huffman$.traverseTree$1(Huffman.scala:218)
	at patmat.Huffman$.traverseTree$1(Huffman.scala:218)
	at patmat.Huffman$.traverseTree$1(Huffman.scala:218)
	at patmat.Huffman$.traverseTree$1(Huffman.scala:218)
	at patmat.Huffman$.traverseTree$1(Huffman.scala:218)
	at patmat.Huffman$.traverseTree$1(Huffman.scala:218)
	at patmat.Huffman$.traverseTree$1(Huffman.scala:218)
	at patmat.Huffman$.traverseTree$1(Huffman.scala:218)
	at patmat.Huffman$.traverseTree$1(Huffman.scala:218)
	at patmat.Huffman$.traverseTree$1(Huffman.scala:218)
	at patmat.Huffman$.traverseTree$1(Huffman.scala:218)
	at patmat.Huffman$.traverseTree$1(Huffman.scala:218)
	at patmat.Huffman$.traverseTree$1(Huffman.scala:218)
	at patmat.Huffman$.traverseTree$1(Huffman.scala:218)
	at patmat.Huffman$.traverseTree$1(Huffman.scala:218)
	at patmat.Huffman$.traverseTree$1(Huffman.scala:218)
	at patmat.Huffman$.traverseTree$1(Huffman.scala:218)
	at patmat.Huffman$.traverseTree$1(Huffman.scala:218)
	at patmat.Huffman$.traverseTree$1(Huffman.scala:218)
	at patmat.Huffman$.traverseTree$1(Huffman.scala:218)
	at patmat.Huffman$.traverseTree$1(Huffman.scala:218)
	at patmat.Huffman$.traverseTree$1(Huffman.scala:218)
	at patmat.Huffman$.traverseTree$1(Huffman.scala:218)
	at patmat.Huffman$.traverseTree$1(Huffman.scala:218)
	at patmat.Huffman$.traverseTree$1(Huffman.scala:218)
	at patmat.Huffman$.traverseTree$1(Huffman.scala:218)
	at patmat.Huffman$.traverseTree$1(Huffman.scala:218)
	at patmat.Huffman$.traverseTree$1(Huffman.scala:218)
	at patmat.Huffman$.traverseTree$1(Huffman.scala:218)
	at patmat.Huffman$.traverseTree$1(Huffman.scala:218)
	at patmat.Huffman$.traverseTree$1(Huffman.scala:218)
	at patmat.Huffman$.traverseTree$1(Huffman.scala:218)
	at patmat.Huffman$.traverseTree$1(Huffman.scala:218)
	at patmat.Huffman$.traverseTree$1(Huffman.scala:218)
	at patmat.Huffman$.traverseTree$1(Huffman.scala:218)
	at patmat.Huffman$.traverseTree$1(Huffman.scala:218)
	at patmat.Huffman$.traverseTree$1(Huffman.scala:218)
	at patmat.Huffman$.traverseTree$1(Huffman.scala:218)
	at patmat.Huffman$.traverseTree$1(Huffman.scala:218)
	at patmat.Huffman$.traverseTree$1(Huffman.scala:218)
	at patmat.Huffman$.traverseTree$1(Huffman.scala:218)
	at patmat.Huffman$.traverseTree$1(Huffman.scala:218)
	at patmat.Huffman$.traverseTree$1(Huffman.scala:218)
	at patmat.Huffman$.traverseTree$1(Huffman.scala:218)
	at patmat.Huffman$.traverseTree$1(Huffman.scala:218)
	at patmat.Huffman$.traverseTree$1(Huffman.scala:218)
	at patmat.Huffman$.traverseTree$1(Huffman.scala:218)
	at patmat.Huffman$.traverseTree$1(Huffman.scala:218)
	at patmat.Huffman$.traverseTree$1(Huffman.scala:218)
	at patmat.Huffman$.traverseTree$1(Huffman.scala:218)
	at patmat.Huffman$.traverseTree$1(Huffman.scala:218)
	at patmat.Huffman$.traverseTree$1(Huffman.scala:218)
	at patmat.Huffman$.traverseTree$1(Huffman.scala:218)
	at patmat.Huffman$.traverseTree$1(Huffman.scala:218)
	at patmat.Huffman$.traverseTree$1(Huffman.scala:218)
	at patmat.Huffman$.traverseTree$1(Huffman.scala:218)
	at patmat.Huffman$.traverseTree$1(Huffman.scala:218)
	at patmat.Huffman$.traverseTree$1(Huffman.scala:218)
	at patmat.Huffman$.traverseTree$1(Huffman.scala:218)
	at patmat.Huffman$.traverseTree$1(Huffman.scala:218)
	at patmat.Huffman$.traverseTree$1(Huffman.scala:218)
	at patmat.Huffman$.traverseTree$1(Huffman.scala:218)
	at patmat.Huffman$.traverseTree$1(Huffman.scala:218)
	at patmat.Huffman$.traverseTree$1(Huffman.scala:218)
	at patmat.Huffman$.traverseTree$1(Huffman.scala:218)
	at patmat.Huffman$.traverseTree$1(Huffman.scala:218)
	at patmat.Huffman$.traverseTree$1(Huffman.scala:218)
	at patmat.Huffman$.traverseTree$1(Huffman.scala:218)
	at patmat.Huffman$.traverseTree$1(Huffman.scala:218)
	at patmat.Huffman$.traverseTree$1(Huffman.scala:218)
	at patmat.Huffman$.traverseTree$1(Huffman.scala:218)
	at patmat.Huffman$.traverseTree$1(Huffman.scala:218)
	at patmat.Huffman$.traverseTree$1(Huffman.scala:218)
	at patmat.Huffman$.traverseTree$1(Huffman.scala:218)
	at patmat.Huffman$.traverseTree$1(Huffman.scala:218)
	at patmat.Huffman$.traverseTree$1(Huffman.scala:218)
	at patmat.Huffman$.traverseTree$1(Huffman.scala:218)
	at patmat.Huffman$.traverseTree$1(Huffman.scala:218)
	at patmat.Huffman$.traverseTree$1(Huffman.scala:218)
	at patmat.Huffman$.traverseTree$1(Huffman.scala:218)
	at patmat.Huffman$.traverseTree$1(Huffman.scala:218)
	at patmat.Huffman$.traverseTree$1(Huffman.scala:218)
	at patmat.Huffman$.traverseTree$1(Huffman.scala:218)
	at patmat.Huffman$.traverseTree$1(Huffman.scala:218)
	at patmat.Huffman$.traverseTree$1(Huffman.scala:218)
	at patmat.Huffman$.traverseTree$1(Huffman.scala:218)
	at patmat.Huffman$.traverseTree$1(Huffman.scala:218)
	at patmat.Huffman$.traverseTree$1(Huffman.scala:218)
	at patmat.Huffman$.traverseTree$1(Huffman.scala:218)
	at patmat.Huffman$.traverseTree$1(Huffman.scala:218)
	at patmat.Huffman$.traverseTree$1(Huffman.scala:218)
	at patmat.Huffman$.traverseTree$1(Huffman.scala:218)
	at patmat.Huffman$.traverseTree$1(Huffman.scala:218)
	at patmat.Huffman$.traverseTree$1(Huffman.scala:218)
	at patmat.Huffman$.traverseTree$1(Huffman.scala:218)
	at patmat.Huffman$.traverseTree$1(Huffman.scala:218)
	at patmat.Huffman$.traverseTree$1(Huffman.scala:218)
	at patmat.Huffman$.traverseTree$1(Huffman.scala:218)
	at patmat.Huffman$.traverseTree$1(Huffman.scala:218)
	at patmat.Huffman$.traverseTree$1(Huffman.scala:218)
	at patmat.Huffman$.traverseTree$1(Huffman.scala:218)
	at patmat.Huffman$.traverseTree$1(Huffman.scala:218)
	at patmat.Huffman$.traverseTree$1(Huffman.scala:218)
	at patmat.Huffman$.traverseTree$1(Huffman.scala:218)
	at patmat.Huffman$.traverseTree$1(Huffman.scala:218)
	at patmat.Huffman$.traverseTree$1(Huffman.scala:218)
	at patmat.Huffman$.traverseTree$1(Huffman.scala:218)
	at patmat.Huffman$.traverseTree$1(Huffman.scala:218)
	at patmat.Huffman$.traverseTree$1(Huffman.scala:218)
	at patmat.Huffman$.traverseTree$1(Huffman.scala:218)
	at patmat.Huffman$.traverseTree$1(Huffman.scala:218)
	at patmat.Huffman$.traverseTree$1(Huffman.scala:218)
	at patmat.Huffman$.traverseTree$1(Huffman.scala:218)
	at patmat.Huffman$.traverseTree$1(Huffman.scala:218)
	at patmat.Huffman$.traverseTree$1(Huffman.scala:218)
	at patmat.Huffman$.traverseTree$1(Huffman.scala:218)
	at patmat.Huffman$.traverseTree$1(Huffman.scala:218)
	at patmat.Huffman$.traverseTree$1(Huffman.scala:218)
	at patmat.Huffman$.traverseTree$1(Huffman.scala:218)
	at patmat.Huffman$.traverseTree$1(Huffman.scala:218)
	at patmat.Huffman$.traverseTree$1(Huffman.scala:218)
	at patmat.Huffman$.traverseTree$1(Huffman.scala:218)
	at patmat.Huffman$.traverseTree$1(Huffman.scala:218)
	at patmat.Huffman$.traverseTree$1(Huffman.scala:218)
	at patmat.Huffman$.traverseTree$1(Huffman.scala:218)
	at patmat.Huffman$.traverseTree$1(Huffman.scala:218)
	at patmat.Huffman$.traverseTree$1(Huffman.scala:218)
	at patmat.Huffman$.traverseTree$1(Huffman.scala:218)
	at patmat.Huffman$.traverseTree$1(Huffman.scala:218)
	at patmat.Huffman$.traverseTree$1(Huffman.scala:218)
	at patmat.Huffman$.traverseTree$1(Huffman.scala:218)
	at patmat.Huffman$.traverseTree$1(Huffman.scala:218)
	at patmat.Huffman$.traverseTree$1(Huffman.scala:218)
	at patmat.Huffman$.traverseTree$1(Huffman.scala:218)
	at patmat.Huffman$.traverseTree$1(Huffman.scala:218)
	at patmat.Huffman$.traverseTree$1(Huffman.scala:218)
	at patmat.Huffman$.traverseTree$1(Huffman.scala:218)
	at patmat.Huffman$.traverseTree$1(Huffman.scala:218)
	at patmat.Huffman$.traverseTree$1(Huffman.scala:218)
	at patmat.Huffman$.traverseTree$1(Huffman.scala:218)
	at patmat.Huffman$.traverseTree$1(Huffman.scala:218)
	at patmat.Huffman$.traverseTree$1(Huffman.scala:218)
	at patmat.Huffman$.traverseTree$1(Huffman.scala:218)
	at patmat.Huffman$.traverseTree$1(Huffman.scala:218)
	at patmat.Huffman$.traverseTree$1(Huffman.scala:218)
	at patmat.Huffman$.traverseTree$1(Huffman.scala:218)
	at patmat.Huffman$.traverseTree$1(Huffman.scala:218)
	at patmat.Huffman$.traverseTree$1(Huffman.scala:218)
	at patmat.Huffman$.traverseTree$1(Huffman.scala:218)
	at patmat.Huffman$.traverseTree$1(Huffman.scala:218)
	at patmat.Huffman$.traverseTree$1(Huffman.scala:218)
	at patmat.Huffman$.traverseTree$1(Huffman.scala:218)
	at patmat.Huffman$.traverseTree$1(Huffman.scala:218)
	at patmat.Huffman$.traverseTree$1(Huffman.scala:218)
	at patmat.Huffman$.traverseTree$1(Huffman.scala:218)
	at patmat.Huffman$.traverseTree$1(Huffman.scala:218)
	at patmat.Huffman$.traverseTree$1(Huffman.scala:218)
	at patmat.Huffman$.traverseTree$1(Huffman.scala:218)
	at patmat.Huffman$.traverseTree$1(Huffman.scala:218)
	at patmat.Huffman$.traverseTree$1(Huffman.scala:218)
	at patmat.Huffman$.traverseTree$1(Huffman.scala:218)
	at patmat.Huffman$.traverseTree$1(Huffman.scala:218)
	at patmat.Huffman$.traverseTree$1(Huffman.scala:218)
	at patmat.Huffman$.traverseTree$1(Huffman.scala:218)
	at patmat.Huffman$.traverseTree$1(Huffman.scala:218)
	at patmat.Huffman$.traverseTree$1(Huffman.scala:218)
	at patmat.Huffman$.traverseTree$1(Huffman.scala:218)
	at patmat.Huffman$.traverseTree$1(Huffman.scala:218)
	at patmat.Huffman$.traverseTree$1(Huffman.scala:218)
	at patmat.Huffman$.traverseTree$1(Huffman.scala:218)
	at patmat.Huffman$.traverseTree$1(Huffman.scala:218)
	at patmat.Huffman$.traverseTree$1(Huffman.scala:218)
	at patmat.Huffman$.traverseTree$1(Huffman.scala:218)
	at patmat.Huffman$.traverseTree$1(Huffman.scala:218)
	at patmat.Huffman$.traverseTree$1(Huffman.scala:218)
	at patmat.Huffman$.traverseTree$1(Huffman.scala:218)
	at patmat.Huffman$.traverseTree$1(Huffman.scala:218)
	at patmat.Huffman$.traverseTree$1(Huffman.scala:218)
	at patmat.Huffman$.traverseTree$1(Huffman.scala:218)
	at patmat.Huffman$.traverseTree$1(Huffman.scala:218)
	at patmat.Huffman$.traverseTree$1(Huffman.scala:218)
	at patmat.Huffman$.traverseTree$1(Huffman.scala:218)
	at patmat.Huffman$.traverseTree$1(Huffman.scala:218)
	at patmat.Huffman$.traverseTree$1(Huffman.scala:218)
	at patmat.Huffman$.traverseTree$1(Huffman.scala:218)
	at patmat.Huffman$.traverseTree$1(Huffman.scala:218)
	at patmat.Huffman$.traverseTree$1(Huffman.scala:218)
	at patmat.Huffman$.traverseTree$1(Huffman.scala:218)
	at patmat.Huffman$.traverseTree$1(Huffman.scala:218)
	at patmat.Huffman$.traverseTree$1(Huffman.scala:218)
	at patmat.Huffman$.traverseTree$1(Huffman.scala:218)
	at patmat.Huffman$.traverseTree$1(Huffman.scala:218)
	at patmat.Huffman$.traverseTree$1(Huffman.scala:218)
	at patmat.Huffman$.traverseTree$1(Huffman.scala:218)
	at patmat.Huffman$.traverseTree$1(Huffman.scala:218)
	at patmat.Huffman$.traverseTree$1(Huffman.scala:218)
	at patmat.Huffman$.traverseTree$1(Huffman.scala:218)
	at patmat.Huffman$.traverseTree$1(Huffman.scala:218)
	at patmat.Huffman$.traverseTree$1(Huffman.scala:218)
	at patmat.Huffman$.traverseTree$1(Huffman.scala:218)
	at patmat.Huffman$.traverseTree$1(Huffman.scala:218)
	at patmat.Huffman$.traverseTree$1(Huffman.scala:218)
	at patmat.Huffman$.traverseTree$1(Huffman.scala:218)
	at patmat.Huffman$.traverseTree$1(Huffman.scala:218)
	at patmat.Huffman$.traverseTree$1(Huffman.scala:218)
	at patmat.Huffman$.traverseTree$1(Huffman.scala:218)
	at patmat.Huffman$.traverseTree$1(Huffman.scala:218)
	at patmat.Huffman$.traverseTree$1(Huffman.scala:218)
	at patmat.Huffman$.traverseTree$1(Huffman.scala:218)
	at patmat.Huffman$.traverseTree$1(Huffman.scala:218)
	at patmat.Huffman$.traverseTree$1(Huffman.scala:218)
	at patmat.Huffman$.traverseTree$1(Huffman.scala:218)
	at patmat.Huffman$.traverseTree$1(Huffman.scala:218)
	at patmat.Huffman$.traverseTree$1(Huffman.scala:218)
	at patmat.Huffman$.traverseTree$1(Huffman.scala:218)
	at patmat.Huffman$.traverseTree$1(Huffman.scala:218)
	at patmat.Huffman$.traverseTree$1(Huffman.scala:218)
	at patmat.Huffman$.traverseTree$1(Huffman.scala:218)
	at patmat.Huffman$.traverseTree$1(Huffman.scala:218)
	at patmat.Huffman$.traverseTree$1(Huffman.scala:218)
	at patmat.Huffman$.traverseTree$1(Huffman.scala:218)
	at patmat.Huffman$.traverseTree$1(Huffman.scala:218)
	at patmat.Huffman$.traverseTree$1(Huffman.scala:218)
	at patmat.Huffman$.traverseTree$1(Huffman.scala:218)
	at patmat.Huffman$.traverseTree$1(Huffman.scala:218)
	at patmat.Huffman$.traverseTree$1(Huffman.scala:218)
	at patmat.Huffman$.traverseTree$1(Huffman.scala:218)
	at patmat.Huffman$.traverseTree$1(Huffman.scala:218)
	at patmat.Huffman$.traverseTree$1(Huffman.scala:218)
	at patmat.Huffman$.traverseTree$1(Huffman.scala:218)
	at patmat.Huffman$.traverseTree$1(Huffman.scala:218)
	at patmat.Huffman$.traverseTree$1(Huffman.scala:218)
	at patmat.Huffman$.traverseTree$1(Huffman.scala:218)
	at patmat.Huffman$.traverseTree$1(Huffman.scala:218)
	at patmat.Huffman$.traverseTree$1(Huffman.scala:218)
	at patmat.Huffman$.traverseTree$1(Huffman.scala:218)
	at patmat.Huffman$.traverseTree$1(Huffman.scala:218)
	at patmat.Huffman$.traverseTree$1(Huffman.scala:218)
	at patmat.Huffman$.traverseTree$1(Huffman.scala:218)
	at patmat.Huffman$.traverseTree$1(Huffman.scala:218)
	at patmat.Huffman$.traverseTree$1(Huffman.scala:218)
	at patmat.Huffman$.traverseTree$1(Huffman.scala:218)
	at patmat.Huffman$.traverseTree$1(Huffman.scala:218)
	at patmat.Huffman$.traverseTree$1(Huffman.scala:218)
	at patmat.Huffman$.traverseTree$1(Huffman.scala:218)
	at patmat.Huffman$.traverseTree$1(Huffman.scala:218)
	at patmat.Huffman$.traverseTree$1(Huffman.scala:218)
	at patmat.Huffman$.traverseTree$1(Huffman.scala:218)
	at patmat.Huffman$.traverseTree$1(Huffman.scala:218)
	at patmat.Huffman$.traverseTree$1(Huffman.scala:218)
	at patmat.Huffman$.traverseTree$1(Huffman.scala:218)
	at patmat.Huffman$.traverseTree$1(Huffman.scala:218)
	at patmat.Huffman$.traverseTree$1(Huffman.scala:218)
	at patmat.Huffman$.traverseTree$1(Huffman.scala:218)
	at patmat.Huffman$.traverseTree$1(Huffman.scala:218)
	at patmat.Huffman$.traverseTree$1(Huffman.scala:218)
	at patmat.Huffman$.traverseTree$1(Huffman.scala:218)
	at patmat.Huffman$.traverseTree$1(Huffman.scala:218)
	at patmat.Huffman$.traverseTree$1(Huffman.scala:218)
	at patmat.Huffman$.traverseTree$1(Huffman.scala:218)
	at patmat.Huffman$.traverseTree$1(Huffman.scala:218)
	at patmat.Huffman$.traverseTree$1(Huffman.scala:218)
	at patmat.Huffman$.traverseTree$1(Huffman.scala:218)
	at patmat.Huffman$.traverseTree$1(Huffman.scala:218)
	at patmat.Huffman$.traverseTree$1(Huffman.scala:218)
	at patmat.Huffman$.traverseTree$1(Huffman.scala:218)
	at patmat.Huffman$.traverseTree$1(Huffman.scala:218)
	at patmat.Huffman$.traverseTree$1(Huffman.scala:218)
	at patmat.Huffman$.traverseTree$1(Huffman.scala:218)
	at patmat.Huffman$.traverseTree$1(Huffman.scala:218)
	at patmat.Huffman$.traverseTree$1(Huffman.scala:218)
	at patmat.Huffman$.traverseTree$1(Huffman.scala:218)
	at patmat.Huffman$.traverseTree$1(Huffman.scala:218)
	at patmat.Huffman$.traverseTree$1(Huffman.scala:218)
	at patmat.Huffman$.traverseTree$1(Huffman.scala:218)
	at patmat.Huffman$.traverseTree$1(Huffman.scala:218)
	at patmat.Huffman$.traverseTree$1(Huffman.scala:218)
	at patmat.Huffman$.traverseTree$1(Huffman.scala:218)
	at patmat.Huffman$.traverseTree$1(Huffman.scala:218)
	at patmat.Huffman$.traverseTree$1(Huffman.scala:218)
	at patmat.Huffman$.traverseTree$1(Huffman.scala:218)
	at patmat.Huffman$.traverseTree$1(Huffman.scala:218)
	at patmat.Huffman$.traverseTree$1(Huffman.scala:218)
	at patmat.Huffman$.traverseTree$1(Huffman.scala:218)
	at patmat.Huffman$.traverseTree$1(Huffman.scala:218)
	at patmat.Huffman$.traverseTree$1(Huffman.scala:218)
	at patmat.Huffman$.traverseTree$1(Huffman.scala:218)
	at patmat.Huffman$.traverseTree$1(Huffman.scala:218)
	at patmat.Huffman$.traverseTree$1(Huffman.scala:218)
	at patmat.Huffman$.traverseTree$1(Huffman.scala:218)
	at patmat.Huffman$.traverseTree$1(Huffman.scala:218)
	at patmat.Huffman$.traverseTree$1(Huffman.scala:218)
	at patmat.Huffman$.traverseTree$1(Huffman.scala:218)
	at patmat.Huffman$.traverseTree$1(Huffman.scala:218)
	at patmat.Huffman$.traverseTree$1(Huffman.scala:218)
	at patmat.Huffman$.traverseTree$1(Huffman.scala:218)
	at patmat.Huffman$.traverseTree$1(Huffman.scala:218)
	at patmat.Huffman$.traverseTree$1(Huffman.scala:218)
	at patmat.Huffman$.traverseTree$1(Huffman.scala:218)
	at patmat.Huffman$.traverseTree$1(Huffman.scala:218)
	at patmat.Huffman$.traverseTree$1(Huffman.scala:218)
	at patmat.Huffman$.traverseTree$1(Huffman.scala:218)
	at patmat.Huffman$.traverseTree$1(Huffman.scala:218)
	at patmat.Huffman$.traverseTree$1(Huffman.scala:218)
	at patmat.Huffman$.traverseTree$1(Huffman.scala:218)
	at patmat.Huffman$.traverseTree$1(Huffman.scala:218)
	at patmat.Huffman$.traverseTree$1(Huffman.scala:218)
	at patmat.Huffman$.traverseTree$1(Huffman.scala:218)
	at patmat.Huffman$.traverseTree$1(Huffman.scala:218)
	at patmat.Huffman$.traverseTree$1(Huffman.scala:218)
	at patmat.Huffman$.traverseTree$1(Huffman.scala:218)
	at patmat.Huffman$.traverseTree$1(Huffman.scala:218)
	at patmat.Huffman$.traverseTree$1(Huffman.scala:218)
	at patmat.Huffman$.traverseTree$1(Huffman.scala:218)
	at patmat.Huffman$.traverseTree$1(Huffman.scala:218)
	at patmat.Huffman$.traverseTree$1(Huffman.scala:218)
	at patmat.Huffman$.traverseTree$1(Huffman.scala:218)
	at patmat.Huffman$.traverseTree$1(Huffman.scala:218)
	at patmat.Huffman$.traverseTree$1(Huffman.scala:218)
	at patmat.Huffman$.traverseTree$1(Huffman.scala:218)
	at patmat.Huffman$.traverseTree$1(Huffman.scala:218)
	at patmat.Huffman$.traverseTree$1(Huffman.scala:218)
	at patmat.Huffman$.traverseTree$1(Huffman.scala:218)
	at patmat.Huffman$.traverseTree$1(Huffman.scala:218)
	at patmat.Huffman$.traverseTree$1(Huffman.scala:218)
	at patmat.Huffman$.traverseTree$1(Huffman.scala:218)
	at patmat.Huffman$.traverseTree$1(Huffman.scala:218)
	at patmat.Huffman$.traverseTree$1(Huffman.scala:218)
	at patmat.Huffman$.traverseTree$1(Huffman.scala:218)
	at patmat.Huffman$.traverseTree$1(Huffman.scala:218)
	at patmat.Huffman$.traverseTree$1(Huffman.scala:218)
	at patmat.Huffman$.traverseTree$1(Huffman.scala:218)
	at patmat.Huffman$.traverseTree$1(Huffman.scala:218)
	at patmat.Huffman$.traverseTree$1(Huffman.scala:218)
	at patmat.Huffman$.traverseTree$1(Huffman.scala:218)
	at patmat.Huffman$.traverseTree$1(Huffman.scala:218)
	at patmat.Huffman$.traverseTree$1(Huffman.scala:218)
	at patmat.Huffman$.traverseTree$1(Huffman.scala:218)
	at patmat.Huffman$.traverseTree$1(Huffman.scala:218)
	at patmat.Huffman$.traverseTree$1(Huffman.scala:218)
	at patmat.Huffman$.traverseTree$1(Huffman.scala:218)
	at patmat.Huffman$.traverseTree$1(Huffman.scala:218)
	at patmat.Huffman$.traverseTree$1(Huffman.scala:218)
	at patmat.Huffman$.traverseTree$1(Huffman.scala:218)
	at patmat.Huffman$.traverseTree$1(Huffman.scala:218)
	at patmat.Huffman$.traverseTree$1(Huffman.scala:218)
	at patmat.Huffman$.traverseTree$1(Huffman.scala:218)
	at patmat.Huffman$.traverseTree$1(Huffman.scala:218)
	at patmat.Huffman$.traverseTree$1(Huffman.scala:218)
	at patmat.Huffman$.traverseTree$1(Huffman.scala:218)
	at patmat.Huffman$.traverseTree$1(Huffman.scala:218)
	at patmat.Huffman$.traverseTree$1(Huffman.scala:218)
	at patmat.Huffman$.traverseTree$1(Huffman.scala:218)
	at patmat.Huffman$.traverseTree$1(Huffman.scala:218)
	at patmat.Huffman$.traverseTree$1(Huffman.scala:218)
	at patmat.Huffman$.traverseTree$1(Huffman.scala:218)
	at patmat.Huffman$.traverseTree$1(Huffman.scala:218)
	at patmat.Huffman$.traverseTree$1(Huffman.scala:218)
	at patmat.Huffman$.traverseTree$1(Huffman.scala:218)
	at patmat.Huffman$.traverseTree$1(Huffman.scala:218)
	at patmat.Huffman$.traverseTree$1(Huffman.scala:218)
	at patmat.Huffman$.traverseTree$1(Huffman.scala:218)
	at patmat.Huffman$.traverseTree$1(Huffman.scala:218)
	at patmat.Huffman$.traverseTree$1(Huffman.scala:218)
	at patmat.Huffman$.traverseTree$1(Huffman.scala:218)
	at patmat.Huffman$.traverseTree$1(Huffman.scala:218)
	at patmat.Huffman$.traverseTree$1(Huffman.scala:218)
	at patmat.Huffman$.traverseTree$1(Huffman.scala:218)
	at patmat.Huffman$.traverseTree$1(Huffman.scala:218)
	at patmat.Huffman$.traverseTree$1(Huffman.scala:218)
	at patmat.Huffman$.traverseTree$1(Huffman.scala:218)
	at patmat.Huffman$.traverseTree$1(Huffman.scala:218)
	at patmat.Huffman$.traverseTree$1(Huffman.scala:218)
	at patmat.Huffman$.traverseTree$1(Huffman.scala:218)
	at patmat.Huffman$.traverseTree$1(Huffman.scala:218)
	at patmat.Huffman$.traverseTree$1(Huffman.scala:218)
	at patmat.Huffman$.traverseTree$1(Huffman.scala:218)
	at patmat.Huffman$.traverseTree$1(Huffman.scala:218)
	at patmat.Huffman$.traverseTree$1(Huffman.scala:218)
	at patmat.Huffman$.traverseTree$1(Huffman.scala:218)
	at patmat.Huffman$.traverseTree$1(Huffman.scala:218)
	at patmat.Huffman$.traverseTree$1(Huffman.scala:218)
	at patmat.Huffman$.traverseTree$1(Huffman.scala:218)
	at patmat.Huffman$.traverseTree$1(Huffman.scala:218)
	at patmat.Huffman$.traverseTree$1(Huffman.scala:218)
	at patmat.Huffman$.traverseTree$1(Huffman.scala:218)
	at patmat.Huffman$.traverseTree$1(Huffman.scala:218)
	at patmat.Huffman$.traverseTree$1(Huffman.scala:218)
	at patmat.Huffman$.traverseTree$1(Huffman.scala:218)
	at patmat.Huffman$.traverseTree$1(Huffman.scala:218)
	at patmat.Huffman$.traverseTree$1(Huffman.scala:218)
	at patmat.Huffman$.traverseTree$1(Huffman.scala:218)
	at patmat.Huffman$.traverseTree$1(Huffman.scala:218)
	at patmat.Huffman$.traverseTree$1(Huffman.scala:218)
	at patmat.Huffman$.traverseTree$1(Huffman.scala:218)
	at patmat.Huffman$.traverseTree$1(Huffman.scala:218)
	at patmat.Huffman$.traverseTree$1(Huffman.scala:218)
	at patmat.Huffman$.traverseTree$1(Huffman.scala:218)
	at patmat.Huffman$.traverseTree$1(Huffman.scala:218)
	at patmat.Huffman$.traverseTree$1(Huffman.scala:218)
	at patmat.Huffman$.traverseTree$1(Huffman.scala:218)
	at patmat.Huffman$.traverseTree$1(Huffman.scala:218)
	at patmat.Huffman$.traverseTree$1(Huffman.scala:218)
	at patmat.Huffman$.traverseTree$1(Huffman.scala:218)
	at patmat.Huffman$.traverseTree$1(Huffman.scala:218)
	at patmat.Huffman$.traverseTree$1(Huffman.scala:218)
	at patmat.Huffman$.traverseTree$1(Huffman.scala:218)
	at patmat.Huffman$.traverseTree$1(Huffman.scala:218)
	at patmat.Huffman$.traverseTree$1(Huffman.scala:218)
	at patmat.Huffman$.traverseTree$1(Huffman.scala:218)
	at patmat.Huffman$.traverseTree$1(Huffman.scala:218)
	at patmat.Huffman$.traverseTree$1(Huffman.scala:218)
	at patmat.Huffman$.traverseTree$1(Huffman.scala:218)
	at patmat.Huffman$.traverseTree$1(Huffman.scala:218)
	at patmat.Huffman$.traverseTree$1(Huffman.scala:218)
	at patmat.Huffman$.traverseTree$1(Huffman.scala:218)
	at patmat.Huffman$.traverseTree$1(Huffman.scala:218)
	at patmat.Huffman$.traverseTree$1(Huffman.scala:218)
	at patmat.Huffman$.traverseTree$1(Huffman.scala:218)
	at patmat.Huffman$.traverseTree$1(Huffman.scala:218)
	at patmat.Huffman$.traverseTree$1(Huffman.scala:218)
	at patmat.Huffman$.traverseTree$1(Huffman.scala:218)
	at patmat.Huffman$.traverseTree$1(Huffman.scala:218)
	at patmat.Huffman$.traverseTree$1(Huffman.scala:218)
	at patmat.Huffman$.traverseTree$1(Huffman.scala:218)
	at patmat.Huffman$.traverseTree$1(Huffman.scala:218)
	at patmat.Huffman$.traverseTree$1(Huffman.scala:218)
	at patmat.Huffman$.traverseTree$1(Huffman.scala:218)
	at patmat.Huffman$.traverseTree$1(Huffman.scala:218)
	at patmat.Huffman$.traverseTree$1(Huffman.scala:218)
	at patmat.Huffman$.traverseTree$1(Huffman.scala:218)
	at patmat.Huffman$.traverseTree$1(Huffman.scala:218)
	at patmat.Huffman$.traverseTree$1(Huffman.scala:218)
	at patmat.Huffman$.traverseTree$1(Huffman.scala:218)
	at patmat.Huffman$.traverseTree$1(Huffman.scala:218)
	at patmat.Huffman$.traverseTree$1(Huffman.scala:218)
	at patmat.Huffman$.traverseTree$1(Huffman.scala:218)
	at patmat.Huffman$.traverseTree$1(Huffman.scala:218)
	at patmat.Huffman$.traverseTree$1(Huffman.scala:218)
	at patmat.Huffman$.traverseTree$1(Huffman.scala:218)
	at patmat.Huffman$.traverseTree$1(Huffman.scala:218)
	at patmat.Huffman$.traverseTree$1(Huffman.scala:218)
	at patmat.Huffman$.traverseTree$1(Huffman.scala:218)
	at patmat.Huffman$.traverseTree$1(Huffman.scala:218)
	at patmat.Huffman$.traverseTree$1(Huffman.scala:218)
	at patmat.Huffman$.traverseTree$1(Huffman.scala:218)
	at patmat.Huffman$.traverseTree$1(Huffman.scala:218)
	at patmat.Huffman$.traverseTree$1(Huffman.scala:218)
	at patmat.Huffman$.traverseTree$1(Huffman.scala:218)
	at patmat.Huffman$.traverseTree$1(Huffman.scala:218)
	at patmat.Huffman$.traverseTree$1(Huffman.scala:218)
	at patmat.Huffman$.traverseTree$1(Huffman.scala:218)
	at patmat.Huffman$.traverseTree$1(Huffman.scala:218)
	at patmat.Huffman$.traverseTree$1(Huffman.scala:218)
	at patmat.Huffman$.traverseTree$1(Huffman.scala:218)
	at patmat.Huffman$.traverseTree$1(Huffman.scala:218)
	at patmat.Huffman$.traverseTree$1(Huffman.scala:218)
	at patmat.Huffman$.traverseTree$1(Huffman.scala:218)
	at patmat.Huffman$.traverseTree$1(Huffman.scala:218)
	at patmat.Huffman$.traverseTree$1(Huffman.scala:218)
	at patmat.Huffman$.traverseTree$1(Huffman.scala:218)
	at patmat.Huffman$.traverseTree$1(Huffman.scala:218)
	at patmat.Huffman$.traverseTree$1(Huffman.scala:218)
	at patmat.Huffman$.traverseTree$1(Huffman.scala:218)
	at patmat.Huffman$.traverseTree$1(Huffman.scala:218)
	at patmat.Huffman$.traverseTree$1(Huffman.scala:218)
	at patmat.Huffman$.traverseTree$1(Huffman.scala:218)
	at patmat.Huffman$.traverseTree$1(Huffman.scala:218)
	at patmat.Huffman$.traverseTree$1(Huffman.scala:218)
	at patmat.Huffman$.traverseTree$1(Huffman.scala:218)
	at patmat.Huffman$.traverseTree$1(Huffman.scala:218)
	at patmat.Huffman$.traverseTree$1(Huffman.scala:218)
	at patmat.Huffman$.traverseTree$1(Huffman.scala:218)
	at patmat.Huffman$.traverseTree$1(Huffman.scala:218)
	at patmat.Huffman$.traverseTree$1(Huffman.scala:218)
	at patmat.Huffman$.traverseTree$1(Huffman.scala:218)
	at patmat.Huffman$.traverseTree$1(Huffman.scala:218)
	at patmat.Huffman$.traverseTree$1(Huffman.scala:218)
	at patmat.Huffman$.traverseTree$1(Huffman.scala:218)
	at patmat.Huffman$.traverseTree$1(Huffman.scala:218)
	at patmat.Huffman$.traverseTree$1(Huffman.scala:218)
	at patmat.Huffman$.traverseTree$1(Huffman.scala:218)
	at patmat.Huffman$.traverseTree$1(Huffman.scala:218)
	at patmat.Huffman$.traverseTree$1(Huffman.scala:218)
	at patmat.Huffman$.traverseTree$1(Huffman.scala:218)
	at patmat.Huffman$.traverseTree$1(Huffman.scala:218)
	at patmat.Huffman$.traverseTree$1(Huffman.scala:218)
	at patmat.Huffman$.traverseTree$1(Huffman.scala:218)
	at patmat.Huffman$.traverseTree$1(Huffman.scala:218)
	at patmat.Huffman$.traverseTree$1(Huffman.scala:218)
	at patmat.Huffman$.traverseTree$1(Huffman.scala:218)
	at patmat.Huffman$.traverseTree$1(Huffman.scala:218)
	at patmat.Huffman$.traverseTree$1(Huffman.scala:218)
	at patmat.Huffman$.traverseTree$1(Huffman.scala:218)
	at patmat.Huffman$.traverseTree$1(Huffman.scala:218)
	at patmat.Huffman$.traverseTree$1(Huffman.scala:218)
	at patmat.Huffman$.traverseTree$1(Huffman.scala:218)
	at patmat.Huffman$.traverseTree$1(Huffman.scala:218)
	at patmat.Huffman$.traverseTree$1(Huffman.scala:218)
	at patmat.Huffman$.traverseTree$1(Huffman.scala:218)
	at patmat.Huffman$.traverseTree$1(Huffman.scala:218)
	at patmat.Huffman$.traverseTree$1(Huffman.scala:218)
	at patmat.Huffman$.traverseTree$1(Huffman.scala:218)
	at patmat.Huffman$.traverseTree$1(Huffman.scala:218)
	at patmat.Huffman$.traverseTree$1(Huffman.scala:218)
	at patmat.Huffman$.traverseTree$1(Huffman.scala:218)
	at patmat.Huffman$.traverseTree$1(Huffman.scala:218)
	at patmat.Huffman$.traverseTree$1(Huffman.scala:218)
	at patmat.Huffman$.traverseTree$1(Huffman.scala:218)
	at patmat.Huffman$.traverseTree$1(Huffman.scala:218)
	at patmat.Huffman$.traverseTree$1(Huffman.scala:218)
	at patmat.Huffman$.traverseTree$1(Huffman.scala:218)
	at patmat.Huffman$.traverseTree$1(Huffman.scala:218)
	at patmat.Huffman$.traverseTree$1(Huffman.scala:218)
	at patmat.Huffman$.traverseTree$1(Huffman.scala:218)
	at patmat.Huffman$.traverseTree$1(Huffman.scala:218)
	at patmat.Huffman$.traverseTree$1(Huffman.scala:218)
	at patmat.Huffman$.traverseTree$1(Huffman.scala:218)
	at patmat.Huffman$.traverseTree$1(Huffman.scala:218)
	at patmat.Huffman$.traverseTree$1(Huffman.scala:218)
	at patmat.Huffman$.traverseTree$1(Huffman.scala:218)
	at patmat.Huffman$.traverseTree$1(Huffman.scala:218)
	at patmat.Huffman$.traverseTree$1(Huffman.scala:218)
	at patmat.Huffman$.traverseTree$1(Huffman.scala:218)
	at patmat.Huffman$.traverseTree$1(Huffman.scala:218)
	at patmat.Huffman$.traverseTree$1(Huffman.scala:218)
	at patmat.Huffman$.traverseTree$1(Huffman.scala:218)
	at patmat.Huffman$.traverseTree$1(Huffman.scala:218)
	at patmat.Huffman$.traverseTree$1(Huffman.scala:218)
	at patmat.Huffman$.traverseTree$1(Huffman.scala:218)
	at patmat.Huffman$.traverseTree$1(Huffman.scala:218)
	at patmat.Huffman$.traverseTree$1(Huffman.scala:218)
	at patmat.Huffman$.traverseTree$1(Huffman.scala:218)
	at patmat.Huffman$.traverseTree$1(Huffman.scala:218)
	at patmat.Huffman$.traverseTree$1(Huffman.scala:218)
	at patmat.Huffman$.traverseTree$1(Huffman.scala:218)
	at patmat.Huffman$.traverseTree$1(Huffman.scala:218)
	at patmat.Huffman$.traverseTree$1(Huffman.scala:218)
	at patmat.Huffman$.traverseTree$1(Huffman.scala:218)
	at patmat.Huffman$.traverseTree$1(Huffman.scala:218)
	at patmat.Huffman$.traverseTree$1(Huffman.scala:218)
	at patmat.Huffman$.traverseTree$1(Huffman.scala:218)
	at patmat.Huffman$.traverseTree$1(Huffman.scala:218)
	at patmat.Huffman$.traverseTree$1(Huffman.scala:218)
	at patmat.Huffman$.traverseTree$1(Huffman.scala:218)
	at patmat.Huffman$.traverseTree$1(Huffman.scala:218)
	at patmat.Huffman$.traverseTree$1(Huffman.scala:218)
	at patmat.Huffman$.traverseTree$1(Huffman.scala:218)
	at patmat.Huffman$.traverseTree$1(Huffman.scala:218)
	at patmat.Huffman$.traverseTree$1(Huffman.scala:218)
	at patmat.Huffman$.traverseTree$1(Huffman.scala:218)
	at patmat.Huffman$.traverseTree$1(Huffman.scala:218)
	at patmat.Huffman$.traverseTree$1(Huffman.scala:218)
	at patmat.Huffman$.traverseTree$1(Huffman.scala:218)
	at patmat.Huffman$.traverseTree$1(Huffman.scala:218)
	at patmat.Huffman$.traverseTree$1(Huffman.scala:218)
	at patmat.Huffman$.traverseTree$1(Huffman.scala:218)
	at patmat.Huffman$.traverseTree$1(Huffman.scala:218)
	at patmat.Huffman$.traverseTree$1(Huffman.scala:218)
	at patmat.Huffman$.traverseTree$1(Huffman.scala:218)
	at patmat.Huffman$.traverseTree$1(Huffman.scala:218)
	at patmat.Huffman$.traverseTree$1(Huffman.scala:218)
	at patmat.Huffman$.traverseTree$1(Huffman.scala:218)
	at patmat.Huffman$.traverseTree$1(Huffman.scala:218)
	at patmat.Huffman$.traverseTree$1(Huffman.scala:218)
	at patmat.Huffman$.traverseTree$1(Huffman.scala:218)
	at patmat.Huffman$.traverseTree$1(Huffman.scala:218)
	at patmat.Huffman$.traverseTree$1(Huffman.scala:218)
	at patmat.Huffman$.traverseTree$1(Huffman.scala:218)
	at patmat.Huffman$.traverseTree$1(Huffman.scala:218)
	at patmat.Huffman$.traverseTree$1(Huffman.scala:218)
	at patmat.Huffman$.traverseTree$1(Huffman.scala:218)
	at patmat.Huffman$.traverseTree$1(Huffman.scala:218)
	at patmat.Huffman$.traverseTree$1(Huffman.scala:218)
	at patmat.Huffman$.traverseTree$1(Huffman.scala:218)
	at patmat.Huffman$.traverseTree$1(Huffman.scala:218)
	at patmat.Huffman$.traverseTree$1(Huffman.scala:218)
	at patmat.Huffman$.traverseTree$1(Huffman.scala:218)
	at patmat.Huffman$.traverseTree$1(Huffman.scala:218)
	at patmat.Huffman$.traverseTree$1(Huffman.scala:218)
	at patmat.Huffman$.traverseTree$1(Huffman.scala:218)
	at patmat.Huffman$.traverseTree$1(Huffman.scala:218)
	at patmat.Huffman$.traverseTree$1(Huffman.scala:218)
	at patmat.Huffman$.traverseTree$1(Huffman.scala:218)
	at patmat.Huffman$.traverseTree$1(Huffman.scala:218)
	at patmat.Huffman$.traverseTree$1(Huffman.scala:218)
	at patmat.Huffman$.traverseTree$1(Huffman.scala:218)
	at patmat.Huffman$.traverseTree$1(Huffman.scala:218)
	at patmat.Huffman$.traverseTree$1(Huffman.scala:218)
	at patmat.Huffman$.traverseTree$1(Huffman.scala:218)
	at patmat.Huffman$.traverseTree$1(Huffman.scala:218)
	at patmat.Huffman$.traverseTree$1(Huffman.scala:218)
	at patmat.Huffman$.traverseTree$1(Huffman.scala:218)
	at patmat.Huffman$.traverseTree$1(Huffman.scala:218)
	at patmat.Huffman$.traverseTree$1(Huffman.scala:218)
	at patmat.Huffman$.traverseTree$1(Huffman.scala:218)
	at patmat.Huffman$.traverseTree$1(Huffman.scala:218)
	at patmat.Huffman$.traverseTree$1(Huffman.scala:218)
	at patmat.Huffman$.traverseTree$1(Huffman.scala:218)
	at patmat.Huffman$.traverseTree$1(Huffman.scala:218)
	at patmat.Huffman$.traverseTree$1(Huffman.scala:218)
	at patmat.Huffman$.traverseTree$1(Huffman.scala:218)
	at patmat.Huffman$.traverseTree$1(Huffman.scala:218)
	at patmat.Huffman$.traverseTree$1(Huffman.scala:218)
	at patmat.Huffman$.traverseTree$1(Huffman.scala:218)
	at patmat.Huffman$.traverseTree$1(Huffman.scala:218)
	at patmat.Huffman$.traverseTree$1(Huffman.scala:218)
	at patmat.Huffman$.traverseTree$1(Huffman.scala:218)
	at patmat.Huffman$.traverseTree$1(Huffman.scala:218)
	at patmat.Huffman$.traverseTree$1(Huffman.scala:218)
	at patmat.Huffman$.traverseTree$1(Huffman.scala:218)
	at patmat.Huffman$.traverseTree$1(Huffman.scala:218)
	at patmat.Huffman$.traverseTree$1(Huffman.scala:218)
	at patmat.Huffman$.traverseTree$1(Huffman.scala:218)
	at patmat.Huffman$.traverseTree$1(Huffman.scala:218)
	at patmat.Huffman$.traverseTree$1(Huffman.scala:218)
	at patmat.Huffman$.traverseTree$1(Huffman.scala:218)
	at patmat.Huffman$.traverseTree$1(Huffman.scala:218)
	at patmat.Huffman$.traverseTree$1(Huffman.scala:218)
	at patmat.Huffman$.traverseTree$1(Huffman.scala:218)
	at patmat.Huffman$.traverseTree$1(Huffman.scala:218)
	at patmat.Huffman$.traverseTree$1(Huffman.scala:218)
	at patmat.Huffman$.traverseTree$1(Huffman.scala:218)
	at patmat.Huffman$.traverseTree$1(Huffman.scala:218)
	at patmat.Huffman$.traverseTree$1(Huffman.scala:218)
	at patmat.Huffman$.traverseTree$1(Huffman.scala:218)
	at patmat.Huffman$.traverseTree$1(Huffman.scala:218)
	at patmat.Huffman$.traverseTree$1(Huffman.scala:218)
	at patmat.Huffman$.traverseTree$1(Huffman.scala:218)
	at patmat.Huffman$.traverseTree$1(Huffman.scala:218)
	at patmat.Huffman$.traverseTree$1(Huffman.scala:218)
	at patmat.Huffman$.traverseTree$1(Huffman.scala:218)
	at patmat.Huffman$.traverseTree$1(Huffman.scala:218)
	at patmat.Huffman$.traverseTree$1(Huffman.scala:218)
	at patmat.Huffman$.traverseTree$1(Huffman.scala:218)
	at patmat.Huffman$.traverseTree$1(Huffman.scala:218)
	at patmat.Huffman$.traverseTree$1(Huffman.scala:218)
	at patmat.Huffman$.traverseTree$1(Huffman.scala:218)
	at patmat.Huffman$.traverseTree$1(Huffman.scala:218)
	at patmat.Huffman$.traverseTree$1(Huffman.scala:218)
	at patmat.Huffman$.traverseTree$1(Huffman.scala:218)
	at patmat.Huffman$.traverseTree$1(Huffman.scala:218)
	at patmat.Huffman$.traverseTree$1(Huffman.scala:218)
	at patmat.Huffman$.traverseTree$1(Huffman.scala:218)
	at patmat.Huffman$.traverseTree$1(Huffman.scala:218)
	at patmat.Huffman$.traverseTree$1(Huffman.scala:218)
	at patmat.Huffman$.traverseTree$1(Huffman.scala:218)
	at patmat.Huffman$.traverseTree$1(Huffman.scala:218)
	at patmat.Huffman$.traverseTree$1(Huffman.scala:218)
	at patmat.Huffman$.traverseTree$1(Huffman.scala:218)
	at patmat.Huffman$.traverseTree$1(Huffman.scala:218)
	at patmat.Huffman$.traverseTree$1(Huffman.scala:218)
	at patmat.Huffman$.traverseTree$1(Huffman.scala:218)
	at patmat.Huffman$.traverseTree$1(Huffman.scala:218)
	at patmat.Huffman$.traverseTree$1(Huffman.scala:218)
	at patmat.Huffman$.traverseTree$1(Huffman.scala:218)
	at patmat.Huffman$.traverseTree$1(Huffman.scala:218)
	at patmat.Huffman$.traverseTree$1(Huffman.scala:218)
	at patmat.Huffman$.traverseTree$1(Huffman.scala:218)
	at patmat.Huffman$.traverseTree$1(Huffman.scala:218)
	at patmat.Huffman$.traverseTree$1(Huffman.scala:218)
	at patmat.Huffman$.traverseTree$1(Huffman.scala:218)
	at patmat.Huffman$.traverseTree$1(Huffman.scala:218)
	at patmat.Huffman$.traverseTree$1(Huffman.scala:218)
	at patmat.Huffman$.traverseTree$1(Huffman.scala:218)
	at patmat.Huffman$.traverseTree$1(Huffman.scala:218)
	at patmat.Huffman$.traverseTree$1(Huffman.scala:218)
	at patmat.Huffman$.traverseTree$1(Huffman.scala:218)
	at patmat.Huffman$.traverseTree$1(Huffman.scala:218)
	at patmat.Huffman$.traverseTree$1(Huffman.scala:218)
	at patmat.Huffman$.traverseTree$1(Huffman.scala:218)
	at patmat.Huffman$.traverseTree$1(Huffman.scala:218)
	at patmat.Huffman$.traverseTree$1(Huffman.scala:218)
	at patmat.Huffman$.traverseTree$1(Huffman.scala:218)
	at patmat.Huffman$.traverseTree$1(Huffman.scala:218)
	at patmat.Huffman$.traverseTree$1(Huffman.scala:218)
	at patmat.Huffman$.traverseTree$1(Huffman.scala:218)
	at patmat.Huffman$.traverseTree$1(Huffman.scala:218)
	at patmat.Huffman$.traverseTree$1(Huffman.scala:218)
	at patmat.Huffman$.traverseTree$1(Huffman.scala:218)
	at patmat.Huffman$.traverseTree$1(Huffman.scala:218)
	at patmat.Huffman$.traverseTree$1(Huffman.scala:218)
	at patmat.Huffman$.traverseTree$1(Huffman.scala:218)
	at patmat.Huffman$.traverseTree$1(Huffman.scala:218)
	at patmat.Huffman$.traverseTree$1(Huffman.scala:218)
	at patmat.Huffman$.traverseTree$1(Huffman.scala:218)
	at patmat.Huffman$.traverseTree$1(Huffman.scala:218)
	at patmat.Huffman$.traverseTree$1(Huffman.scala:218)
	at patmat.Huffman$.traverseTree$1(Huffman.scala:218)
	at patmat.Huffman$.traverseTree$1(Huffman.scala:218)
	at patmat.Huffman$.traverseTree$1(Huffman.scala:218)
	at patmat.Huffman$.traverseTree$1(Huffman.scala:218)
	at patmat.Huffman$.traverseTree$1(Huffman.scala:218)
	at patmat.Huffman$.traverseTree$1(Huffman.scala:218)
	at patmat.Huffman$.traverseTree$1(Huffman.scala:218)
	at patmat.Huffman$.traverseTree$1(Huffman.scala:218)
	at patmat.Huffman$.traverseTree$1(Huffman.scala:218)
	at patmat.Huffman$.traverseTree$1(Huffman.scala:218)
	at patmat.Huffman$.traverseTree$1(Huffman.scala:218)
	at patmat.Huffman$.traverseTree$1(Huffman.scala:218)
	at patmat.Huffman$.traverseTree$1(Huffman.scala:218)
	at patmat.Huffman$.traverseTree$1(Huffman.scala:218)
	at patmat.Huffman$.traverseTree$1(Huffman.scala:218)
	at patmat.Huffman$.traverseTree$1(Huffman.scala:218)
	at patmat.Huffman$.traverseTree$1(Huffman.scala:218)
	at patmat.Huffman$.traverseTree$1(Huffman.scala:218)
	at patmat.Huffman$.traverseTree$1(Huffman.scala:218)
	at patmat.Huffman$.traverseTree$1(Huffman.scala:218)
	at patmat.Huffman$.traverseTree$1(Huffman.scala:218)
	at patmat.Huffman$.traverseTree$1(Huffman.scala:218)
	at patmat.Huffman$.traverseTree$1(Huffman.scala:218)
	at patmat.Huffman$.traverseTree$1(Huffman.scala:218)
	at patmat.Huffman$.traverseTree$1(Huffman.scala:218)
	at patmat.Huffman$.traverseTree$1(Huffman.scala:218)
	at patmat.Huffman$.traverseTree$1(Huffman.scala:218)
	at patmat.Huffman$.traverseTree$1(Huffman.scala:218)
	at patmat.Huffman$.traverseTree$1(Huffman.scala:218)
	at patmat.Huffman$.traverseTree$1(Huffman.scala:218)
	at patmat.Huffman$.traverseTree$1(Huffman.scala:218)
	at patmat.Huffman$.traverseTree$1(Huffman.scala:218)
	at patmat.Huffman$.traverseTree$1(Huffman.scala:218)
	at patmat.Huffman$.traverseTree$1(Huffman.scala:218)
	at patmat.Huffman$.traverseTree$1(Huffman.scala:218)
	at patmat.Huffman$.traverseTree$1(Huffman.scala:218)
	at patmat.Huffman$.traverseTree$1(Huffman.scala:218)
	at patmat.Huffman$.traverseTree$1(Huffman.scala:218)
	at patmat.Huffman$.traverseTree$1(Huffman.scala:218)
	at patmat.Huffman$.traverseTree$1(Huffman.scala:218)
	at patmat.Huffman$.traverseTree$1(Huffman.scala:218)
	at patmat.Huffman$.traverseTree$1(Huffman.scala:218)
	at patmat.Huffman$.traverseTree$1(Huffman.scala:218)
	at patmat.Huffman$.traverseTree$1(Huffman.scala:218)
	at patmat.Huffman$.traverseTree$1(Huffman.scala:218)
	at patmat.Huffman$.traverseTree$1(Huffman.scala:218)
	at patmat.Huffman$.traverseTree$1(Huffman.scala:218)
	at patmat.Huffman$.traverseTree$1(Huffman.scala:218)
	at patmat.Huffman$.traverseTree$1(Huffman.scala:218)
	at patmat.Huffman$.traverseTree$1(Huffman.scala:218)
	at patmat.Huffman$.traverseTree$1(Huffman.scala:218)
	at patmat.Huffman$.traverseTree$1(Huffman.scala:218)
	at patmat.Huffman$.traverseTree$1(Huffman.scala:218)
	at patmat.Huffman$.traverseTree$1(Huffman.scala:218)
	at patmat.Huffman$.traverseTree$1(Huffman.scala:218)
	at patmat.Huffman$.traverseTree$1(Huffman.scala:218)
	at patmat.Huffman$.traverseTree$1(Huffman.scala:218)
	at patmat.Huffman$.traverseTree$1(Huffman.scala:218)
	at patmat.Huffman$.traverseTree$1(Huffman.scala:218)
	at patmat.Huffman$.traverseTree$1(Huffman.scala:218)
	at patmat.Huffman$.traverseTree$1(Huffman.scala:218)
	at patmat.Huffman$.traverseTree$1(Huffman.scala:218)
	at patmat.Huffman$.traverseTree$1(Huffman.scala:218)
	at patmat.Huffman$.traverseTree$1(Huffman.scala:218)
	at patmat.Huffman$.traverseTree$1(Huffman.scala:218)
	at patmat.Huffman$.traverseTree$1(Huffman.scala:218)
	at patmat.Huffman$.traverseTree$1(Huffman.scala:218)
	at patmat.Huffman$.traverseTree$1(Huffman.scala:218)
	at patmat.Huffman$.traverseTree$1(Huffman.scala:218)
	at patmat.Huffman$.traverseTree$1(Huffman.scala:218)
	at patmat.Huffman$.traverseTree$1(Huffman.scala:218)
	at patmat.Huffman$.traverseTree$1(Huffman.scala:218)
	at patmat.Huffman$.traverseTree$1(Huffman.scala:218)
	at patmat.Huffman$.traverseTree$1(Huffman.scala:218)
	at patmat.Huffman$.traverseTree$1(Huffman.scala:218)
	at patmat.Huffman$.traverseTree$1(Huffman.scala:218)
	at patmat.Huffman$.traverseTree$1(Huffman.scala:218)
	at patmat.Huffman$.traverseTree$1(Huffman.scala:218)
	at patmat.Huffman$.traverseTree$1(Huffman.scala:218)
	at patmat.Huffman$.traverseTree$1(Huffman.scala:218)
	at patmat.Huffman$.traverseTree$1(Huffman.scala:218)
	at patmat.Huffman$.traverseTree$1(Huffman.scala:218)
	at patmat.Huffman$.traverseTree$1(Huffman.scala:218)
	at patmat.Huffman$.traverseTree$1(Huffman.scala:218)
	at patmat.Huffman$.traverseTree$1(Huffman.scala:218)
	at patmat.Huffman$.traverseTree$1(Huffman.scala:218)
	at patmat.Huffman$.traverseTree$1(Huffman.scala:218)
	at patmat.Huffman$.traverseTree$1(Huffman.scala:218)
	at patmat.Huffman$.traverseTree$1(Huffman.scala:218)
	at patmat.Huffman$.traverseTree$1(Huffman.scala:218)
	at patmat.Huffman$.traverseTree$1(Huffman.scala:218)
	at patmat.Huffman$.traverseTree$1(Huffman.scala:218)
	at patmat.Huffman$.traverseTree$1(Huffman.scala:218)
	at patmat.Huffman$.traverseTree$1(Huffman.scala:218)
	at patmat.Huffman$.traverseTree$1(Huffman.scala:218)
	at patmat.Huffman$.traverseTree$1(Huffman.scala:218)
	at patmat.Huffman$.traverseTree$1(Huffman.scala:218)
	at patmat.Huffman$.traverseTree$1(Huffman.scala:218)
	at patmat.Huffman$.traverseTree$1(Huffman.scala:218)
	at patmat.Huffman$.traverseTree$1(Huffman.scala:218)
	at patmat.Huffman$.traverseTree$1(Huffman.scala:218)
	at patmat.Huffman$.traverseTree$1(Huffman.scala:218)
	at patmat.Huffman$.traverseTree$1(Huffman.scala:218)
	at patmat.Huffman$.traverseTree$1(Huffman.scala:218)
	at patmat.Huffman$.traverseTree$1(Huffman.scala:218)
	at patmat.Huffman$.traverseTree$1(Huffman.scala:218)
	at patmat.Huffman$.traverseTree$1(Huffman.scala:218)
	at patmat.Huffman$.traverseTree$1(Huffman.scala:218)
	at patmat.Huffman$.traverseTree$1(Huffman.scala:218)
	at patmat.Huffman$.traverseTree$1(Huffman.scala:218)
	at patmat.Huffman$.traverseTree$1(Huffman.scala:218)
	at patmat.Huffman$.traverseTree$1(Huffman.scala:218)
	at patmat.Huffman$.traverseTree$1(Huffman.scala:218)
	at patmat.Huffman$.traverseTree$1(Huffman.scala:218)
	at patmat.Huffman$.traverseTree$1(Huffman.scala:218)
	at patmat.Huffman$.traverseTree$1(Huffman.scala:218)
	at patmat.Huffman$.traverseTree$1(Huffman.scala:218)
	at patmat.Huffman$.traverseTree$1(Huffman.scala:218)
	at patmat.Huffman$.traverseTree$1(Huffman.scala:218)
	at patmat.Huffman$.traverseTree$1(Huffman.scala:218)
	at patmat.Huffman$.traverseTree$1(Huffman.scala:218)
	at patmat.Huffman$.traverseTree$1(Huffman.scala:218)
	at patmat.Huffman$.traverseTree$1(Huffman.scala:218)
	at patmat.Huffman$.traverseTree$1(Huffman.scala:218)
	at patmat.Huffman$.traverseTree$1(Huffman.scala:218)
	at patmat.Huffman$.traverseTree$1(Huffman.scala:218)
	at patmat.Huffman$.traverseTree$1(Huffman.scala:218)
	at patmat.Huffman$.traverseTree$1(Huffman.scala:218)
	at patmat.Huffman$.traverseTree$1(Huffman.scala:218)
	at patmat.Huffman$.traverseTree$1(Huffman.scala:218)
	at patmat.Huffman$.traverseTree$1(Huffman.scala:218)
	at patmat.Huffman$.traverseTree$1(Huffman.scala:218)
	at patmat.Huffman$.traverseTree$1(Huffman.scala:218)
	at patmat.Huffman$.traverseTree$1(Huffman.scala:218)
	at patmat.Huffman$.traverseTree$1(Huffman.scala:218)
	at patmat.Huffman$.traverseTree$1(Huffman.scala:218)
	at patmat.Huffman$.traverseTree$1(Huffman.scala:218)
	at patmat.Huffman$.traverseTree$1(Huffman.scala:218)
	at patmat.Huffman$.traverseTree$1(Huffman.scala:218)
	at patmat.Huffman$.traverseTree$1(Huffman.scala:218)
	at patmat.Huffman$.traverseTree$1(Huffman.scala:218)
	at patmat.Huffman$.traverseTree$1(Huffman.scala:218)
	at patmat.Huffman$.traverseTree$1(Huffman.scala:218)
	at patmat.Huffman$.traverseTree$1(Huffman.scala:218)
	at patmat.Huffman$.traverseTree$1(Huffman.scala:218)
	at patmat.Huffman$.traverseTree$1(Huffman.scala:218)
	at patmat.Huffman$.traverseTree$1(Huffman.scala:218)
	at patmat.Huffman$.traverseTree$1(Huffman.scala:218)
	at patmat.Huffman$.traverseTree$1(Huffman.scala:218)
	at patmat.Huffman$.traverseTree$1(Huffman.scala:218)
	at patmat.Huffman$.traverseTree$1(Huffman.scala:218)
	at patmat.Huffman$.traverseTree$1(Huffman.scala:218)
	at patmat.Huffman$.traverseTree$1(Huffman.scala:218)
	at patmat.Huffman$.traverseTree$1(Huffman.scala:218)
	at patmat.Huffman$.traverseTree$1(Huffman.scala:218)
	at patmat.Huffman$.traverseTree$1(Huffman.scala:218)
	at patmat.Huffman$.traverseTree$1(Huffman.scala:218)
	at patmat.Huffman$.traverseTree$1(Huffman.scala:218)
	at patmat.Huffman$.traverseTree$1(Huffman.scala:218)
	at patmat.Huffman$.traverseTree$1(Huffman.scala:218)
	at patmat.Huffman$.traverseTree$1(Huffman.scala:218)
	at patmat.Huffman$.traverseTree$1(Huffman.scala:218)
	at patmat.Huffman$.traverseTree$1(Huffman.scala:218)
	at patmat.Huffman$.traverseTree$1(Huffman.scala:218)
	at patmat.Huffman$.traverseTree$1(Huffman.scala:218)
	at patmat.Huffman$.traverseTree$1(Huffman.scala:218)
	at patmat.Huffman$.traverseTree$1(Huffman.scala:218)
	at patmat.Huffman$.traverseTree$1(Huffman.scala:218)
	at patmat.Huffman$.traverseTree$1(Huffman.scala:218)
	at patmat.Huffman$.traverseTree$1(Huffman.scala:218)
	at patmat.Huffman$.traverseTree$1(Huffman.scala:218)
	at patmat.Huffman$.traverseTree$1(Huffman.scala:218)
	at patmat.Huffman$.traverseTree$1(Huffman.scala:218)
	at patmat.Huffman$.traverseTree$1(Huffman.scala:218)
	at patmat.Huffman$.traverseTree$1(Huffman.scala:218)
	at patmat.Huffman$.traverseTree$1(Huffman.scala:218)
	at patmat.Huffman$.traverseTree$1(Huffman.scala:218)
	at patmat.Huffman$.traverseTree$1(Huffman.scala:218)
	at patmat.Huffman$.traverseTree$1(Huffman.scala:218)
	at patmat.Huffman$.traverseTree$1(Huffman.scala:218)
	at patmat.Huffman$.traverseTree$1(Huffman.scala:218)
	at patmat.Huffman$.traverseTree$1(Huffman.scala:218)
	at patmat.Huffman$.traverseTree$1(Huffman.scala:218)
	at patmat.Huffman$.traverseTree$1(Huffman.scala:218)
	at patmat.Huffman$.traverseTree$1(Huffman.scala:218)
	at patmat.Huffman$.traverseTree$1(Huffman.scala:218)
	at patmat.Huffman$.traverseTree$1(Huffman.scala:218)
	at patmat.Huffman$.traverseTree$1(Huffman.scala:218)
	at patmat.Huffman$.traverseTree$1(Huffman.scala:218)
	at patmat.Huffman$.traverseTree$1(Huffman.scala:218)
	at patmat.Huffman$.traverseTree$1(Huffman.scala:218)
	at patmat.Huffman$.traverseTree$1(Huffman.scala:218)
	at patmat.Huffman$.traverseTree$1(Huffman.scala:218)
	at patmat.Huffman$.traverseTree$1(Huffman.scala:218)
	at patmat.Huffman$.traverseTree$1(Huffman.scala:218)
	at patmat.Huffman$.traverseTree$1(Huffman.scala:218)
	at patmat.Huffman$.traverseTree$1(Huffman.scala:218)
	at patmat.Huffman$.traverseTree$1(Huffman.scala:218)
	at patmat.Huffman$.traverseTree$1(Huffman.scala:218)
	at patmat.Huffman$.traverseTree$1(Huffman.scala:218)
	at patmat.Huffman$.traverseTree$1(Huffman.scala:218)
	at patmat.Huffman$.traverseTree$1(Huffman.scala:218)
	at patmat.Huffman$.traverseTree$1(Huffman.scala:218)
	at patmat.Huffman$.traverseTree$1(Huffman.scala:218)
	at patmat.Huffman$.traverseTree$1(Huffman.scala:218)
	at patmat.Huffman$.traverseTree$1(Huffman.scala:218)
	at patmat.Huffman$.traverseTree$1(Huffman.scala:218)
	at patmat.Huffman$.traverseTree$1(Huffman.scala:218)
	at patmat.Huffman$.traverseTree$1(Huffman.scala:218)
	at patmat.Huffman$.traverseTree$1(Huffman.scala:218)
	at patmat.Huffman$.traverseTree$1(Huffman.scala:218)
	at patmat.Huffman$.traverseTree$1(Huffman.scala:218)
	at patmat.Huffman$.traverseTree$1(Huffman.scala:218)
	at patmat.Huffman$.traverseTree$1(Huffman.scala:218)
	at patmat.Huffman$.traverseTree$1(Huffman.scala:218)
	at patmat.Huffman$.traverseTree$1(Huffman.scala:218)
	at patmat.Huffman$.traverseTree$1(Huffman.scala:218)
	at patmat.Huffman$.traverseTree$1(Huffman.scala:218)
	at patmat.Huffman$.traverseTree$1(Huffman.scala:218)
	at patmat.Huffman$.traverseTree$1(Huffman.scala:218)
	at patmat.Huffman$.traverseTree$1(Huffman.scala:218)
	at patmat.Huffman$.traverseTree$1(Huffman.scala:218)
	at patmat.Huffman$.traverseTree$1(Huffman.scala:218)
	at patmat.Huffman$.traverseTree$1(Huffman.scala:218)
	at patmat.Huffman$.traverseTree$1(Huffman.scala:218)
	at patmat.Huffman$.traverseTree$1(Huffman.scala:218)
	at patmat.Huffman$.traverseTree$1(Huffman.scala:218)
	at patmat.Huffman$.traverseTree$1(Huffman.scala:218)
</error>
                                               </testcase>
                     <system-out></system-out>
                     <system-err></system-err>
                   </testsuite>